[Info  - 8:44:14 PM] 2025/12/29 20:44:14 Created View (#1)
	directory=/home/arope/Documents
	view_type="AdHoc"
	root_dir="file:///home/arope/Documents"
	go_version="go version go1.25.5 X:nodwarf5 linux/amd64"
	build_flags=[]
	env={GOOS:linux GOARCH:amd64 GOCACHE:/home/arope/.cache/go-build GOMODCACHE:/home/arope/go/pkg/mod GOPATH:/home/arope/go GOPRIVATE: GOFLAGS: GO111MODULE: GOTOOLCHAIN:auto GOROOT:/usr/lib/go GoVersion:25 GoVersionOutput:go version go1.25.5 X:nodwarf5 linux/amd64
 ExplicitGOWORK: EffectiveGOPACKAGESDRIVER:}
	env_overlay=[]

[Info  - 8:44:14 PM] 2025/12/29 20:44:14 go/packages.Load #1
	view_id="1"
	snapshot=0
	directory=/home/arope/Documents
	query=[./ builtin]
	packages=2
	duration=78.18044ms

[Info  - 8:44:14 PM] 2025/12/29 20:44:14 Created View (#2)
	directory=/home/arope/Documents
	view_type="AdHoc"
	root_dir="file:///home/arope/Documents/Code/go/Notes"
	go_version="go version go1.25.5 X:nodwarf5 linux/amd64"
	build_flags=[]
	env={GOOS:linux GOARCH:amd64 GOCACHE:/home/arope/.cache/go-build GOMODCACHE:/home/arope/go/pkg/mod GOPATH:/home/arope/go GOPRIVATE: GOFLAGS: GO111MODULE: GOTOOLCHAIN:auto GOROOT:/usr/lib/go GoVersion:25 GoVersionOutput:go version go1.25.5 X:nodwarf5 linux/amd64
 ExplicitGOWORK: EffectiveGOPACKAGESDRIVER:}
	env_overlay=[]

[Info  - 8:44:14 PM] 2025/12/29 20:44:14 go/packages.Load #2
	view_id="2"
	snapshot=0
	directory=/home/arope/Documents
	query=[./ builtin]
	packages=2
	duration=12.767352ms

[Info  - 8:44:42 PM] 2025/12/29 20:44:42 Created View (#3)
	directory=/home/arope/Documents
	view_type="AdHoc"
	root_dir="file:///home/arope/Documents/Code/go"
	go_version="go version go1.25.5 X:nodwarf5 linux/amd64"
	build_flags=[]
	env={GOOS:linux GOARCH:amd64 GOCACHE:/home/arope/.cache/go-build GOMODCACHE:/home/arope/go/pkg/mod GOPATH:/home/arope/go GOPRIVATE: GOFLAGS: GO111MODULE: GOTOOLCHAIN:auto GOROOT:/usr/lib/go GoVersion:25 GoVersionOutput:go version go1.25.5 X:nodwarf5 linux/amd64
 ExplicitGOWORK: EffectiveGOPACKAGESDRIVER:}
	env_overlay=[]

[Info  - 8:44:42 PM] 2025/12/29 20:44:42 go/packages.Load #3
	view_id="3"
	snapshot=0
	directory=/home/arope/Documents
	query=[./ builtin]
	packages=2
	duration=133.541182ms

[Info  - 8:44:44 PM] 2025/12/29 20:44:44 background imports cache refresh starting

[Info  - 8:44:44 PM] 2025/12/29 20:44:44 background refresh finished after 3.198964ms

[Info  - 8:45:12 PM] 2025/12/29 20:45:12 background imports cache refresh starting

[Info  - 8:45:12 PM] 2025/12/29 20:45:12 background refresh finished after 3.152016ms

[Error - 8:45:15 PM] Request textDocument/inlayHint failed.
  Message: getting file for InlayHint: context canceled
  Code: 0 
[Info  - 8:45:17 PM] 2025/12/29 20:45:17 go/packages.Load #7
	view_id="3"
	snapshot=4
	directory=/home/arope/Documents
	query=[./]
	packages=1
	duration=1.410717415s

[Info  - 8:45:17 PM] 2025/12/29 20:45:17 go/packages.Load #6
	view_id="3"
	snapshot=4
	directory=/home/arope/Documents
	query=[./]
	packages=1
	duration=1.839952504s

[Info  - 8:45:24 PM] 2025/12/29 20:45:24 go/packages.Load #10
	view_id="3"
	snapshot=7
	directory=/home/arope/Documents
	query=[./]
	packages=1
	duration=7.703154876s

[Info  - 8:45:24 PM] 2025/12/29 20:45:24 go/packages.Load #11
	view_id="3"
	snapshot=7
	directory=/home/arope/Documents
	query=[./]
	packages=1
	duration=7.651852184s

[Info  - 8:45:39 PM] 2025/12/29 20:45:39 Shutdown session
	shutdown_session=1

