2025-12-28 15:55:36.626 [info] [main] Log level: Info
2025-12-28 15:55:36.626 [info] [main] Validating found git in: "git"
2025-12-28 15:55:36.626 [info] [main] Using git "2.52.0" from "git"
2025-12-28 15:55:36.626 [info] [Model][doInitialScan] Initial repository scan started
2025-12-28 15:55:36.626 [info] > git rev-parse --show-toplevel [6ms]
2025-12-28 15:55:36.626 [info] fatal: not a git repository (or any of the parent directories): .git
2025-12-28 15:55:36.626 [info] > git rev-parse --show-toplevel [23ms]
2025-12-28 15:55:36.626 [info] fatal: not a git repository (or any of the parent directories): .git
2025-12-28 15:55:36.627 [info] > git rev-parse --show-toplevel [2ms]
2025-12-28 15:55:36.627 [info] fatal: not a git repository (or any of the parent directories): .git
2025-12-28 15:55:36.631 [info] > git rev-parse --show-toplevel [1ms]
2025-12-28 15:55:36.631 [info] fatal: not a git repository (or any of the parent directories): .git
2025-12-28 15:55:36.637 [info] > git rev-parse --show-toplevel [4ms]
2025-12-28 15:55:36.637 [info] fatal: not a git repository (or any of the parent directories): .git
2025-12-28 15:55:36.640 [info] > git rev-parse --show-toplevel [1ms]
2025-12-28 15:55:36.640 [info] fatal: not a git repository (or any of the parent directories): .git
2025-12-28 15:55:36.644 [info] > git rev-parse --show-toplevel [1ms]
2025-12-28 15:55:36.644 [info] fatal: not a git repository (or any of the parent directories): .git
2025-12-28 15:55:36.648 [info] > git rev-parse --show-toplevel [1ms]
2025-12-28 15:55:36.648 [info] fatal: not a git repository (or any of the parent directories): .git
2025-12-28 15:55:36.652 [info] > git rev-parse --show-toplevel [1ms]
2025-12-28 15:55:36.652 [info] fatal: not a git repository (or any of the parent directories): .git
2025-12-28 15:55:36.655 [info] > git rev-parse --show-toplevel [1ms]
2025-12-28 15:55:36.655 [info] fatal: not a git repository (or any of the parent directories): .git
2025-12-28 15:55:36.658 [info] > git rev-parse --show-toplevel [0ms]
2025-12-28 15:55:36.658 [info] fatal: not a git repository (or any of the parent directories): .git
2025-12-28 15:55:36.661 [info] > git rev-parse --show-toplevel [0ms]
2025-12-28 15:55:36.661 [info] fatal: not a git repository (or any of the parent directories): .git
2025-12-28 15:55:36.664 [info] > git rev-parse --show-toplevel [0ms]
2025-12-28 15:55:36.664 [info] fatal: not a git repository (or any of the parent directories): .git
2025-12-28 15:55:36.668 [info] > git rev-parse --show-toplevel [1ms]
2025-12-28 15:55:36.668 [info] fatal: not a git repository (or any of the parent directories): .git
2025-12-28 15:55:36.671 [info] > git rev-parse --show-toplevel [1ms]
2025-12-28 15:55:36.671 [info] fatal: not a git repository (or any of the parent directories): .git
2025-12-28 15:55:36.674 [info] > git rev-parse --show-toplevel [1ms]
2025-12-28 15:55:36.674 [info] fatal: not a git repository (or any of the parent directories): .git
2025-12-28 15:55:36.678 [info] > git rev-parse --show-toplevel [1ms]
2025-12-28 15:55:36.678 [info] fatal: not a git repository (or any of the parent directories): .git
2025-12-28 15:55:36.681 [info] > git rev-parse --show-toplevel [1ms]
2025-12-28 15:55:36.681 [info] fatal: not a git repository (or any of the parent directories): .git
2025-12-28 15:55:36.684 [info] > git rev-parse --show-toplevel [0ms]
2025-12-28 15:55:36.684 [info] fatal: not a git repository (or any of the parent directories): .git
2025-12-28 15:55:36.688 [info] > git rev-parse --show-toplevel [1ms]
2025-12-28 15:55:36.688 [info] fatal: not a git repository (or any of the parent directories): .git
2025-12-28 15:55:36.691 [info] > git rev-parse --show-toplevel [0ms]
2025-12-28 15:55:36.691 [info] fatal: not a git repository (or any of the parent directories): .git
2025-12-28 15:55:36.694 [info] > git rev-parse --show-toplevel [0ms]
2025-12-28 15:55:36.694 [info] fatal: not a git repository (or any of the parent directories): .git
2025-12-28 15:55:36.698 [info] > git rev-parse --show-toplevel [1ms]
2025-12-28 15:55:36.698 [info] fatal: not a git repository (or any of the parent directories): .git
2025-12-28 15:55:36.701 [info] > git rev-parse --show-toplevel [1ms]
2025-12-28 15:55:36.701 [info] fatal: not a git repository (or any of the parent directories): .git
2025-12-28 15:55:36.704 [info] > git rev-parse --show-toplevel [1ms]
2025-12-28 15:55:36.704 [info] fatal: not a git repository (or any of the parent directories): .git
2025-12-28 15:55:36.707 [info] > git rev-parse --show-toplevel [0ms]
2025-12-28 15:55:36.707 [info] fatal: not a git repository (or any of the parent directories): .git
2025-12-28 15:55:36.711 [info] > git rev-parse --show-toplevel [1ms]
2025-12-28 15:55:36.711 [info] fatal: not a git repository (or any of the parent directories): .git
2025-12-28 15:55:36.714 [info] > git rev-parse --show-toplevel [1ms]
2025-12-28 15:55:36.714 [info] fatal: not a git repository (or any of the parent directories): .git
2025-12-28 15:55:36.716 [info] [Model][doInitialScan] Initial repository scan completed - repositories (0), closed repositories (0), parent repositories (0), unsafe repositories (0)
2025-12-28 15:55:36.957 [info] > git rev-parse --show-toplevel [1ms]
2025-12-28 15:55:36.957 [info] fatal: not a git repository (or any of the parent directories): .git
2025-12-28 15:55:38.221 [info] > git rev-parse --show-toplevel [1ms]
2025-12-28 15:55:38.221 [info] fatal: not a git repository (or any of the parent directories): .git
2025-12-28 15:55:53.869 [info] > git rev-parse --show-toplevel [1ms]
2025-12-28 15:55:53.869 [info] fatal: not a git repository (or any of the parent directories): .git
2025-12-28 15:55:54.346 [info] > git rev-parse --show-toplevel [1ms]
2025-12-28 15:55:54.346 [info] fatal: not a git repository (or any of the parent directories): .git
2025-12-28 15:55:57.653 [info] > git rev-parse --show-toplevel [1ms]
2025-12-28 15:55:57.653 [info] fatal: not a git repository (or any of the parent directories): .git
2025-12-28 15:57:01.768 [info] > git rev-parse --show-toplevel [2ms]
2025-12-28 15:57:01.768 [info] fatal: not a git repository (or any of the parent directories): .git
2025-12-28 15:57:02.596 [info] > git rev-parse --show-toplevel [2ms]
2025-12-28 15:57:02.596 [info] fatal: not a git repository (or any of the parent directories): .git
2025-12-28 15:57:56.249 [info] > git rev-parse --show-toplevel [1ms]
2025-12-28 15:57:56.249 [info] fatal: not a git repository (or any of the parent directories): .git
2025-12-28 15:57:56.560 [info] > git rev-parse --show-toplevel [1ms]
2025-12-28 15:57:56.560 [info] fatal: not a git repository (or any of the parent directories): .git
