2025-12-29 20:26:08.663 [info] [main] Log level: Info
2025-12-29 20:26:08.663 [info] [main] Validating found git in: "git"
2025-12-29 20:26:08.663 [info] [main] Using git "2.52.0" from "git"
2025-12-29 20:26:08.663 [info] [Model][doInitialScan] Initial repository scan started
2025-12-29 20:26:08.663 [info] > git rev-parse --show-toplevel [7ms]
2025-12-29 20:26:08.663 [info] fatal: not a git repository (or any of the parent directories): .git
2025-12-29 20:26:08.663 [info] > git rev-parse --show-toplevel [20ms]
2025-12-29 20:26:08.663 [info] fatal: not a git repository (or any of the parent directories): .git
2025-12-29 20:26:08.665 [info] > git rev-parse --show-toplevel [3ms]
2025-12-29 20:26:08.665 [info] fatal: not a git repository (or any of the parent directories): .git
2025-12-29 20:26:08.670 [info] > git rev-parse --show-toplevel [1ms]
2025-12-29 20:26:08.670 [info] fatal: not a git repository (or any of the parent directories): .git
2025-12-29 20:26:08.684 [info] > git rev-parse --show-toplevel [6ms]
2025-12-29 20:26:08.684 [info] fatal: not a git repository (or any of the parent directories): .git
2025-12-29 20:26:08.689 [info] > git rev-parse --show-toplevel [1ms]
2025-12-29 20:26:08.689 [info] fatal: not a git repository (or any of the parent directories): .git
2025-12-29 20:26:08.695 [info] > git rev-parse --show-toplevel [1ms]
2025-12-29 20:26:08.695 [info] fatal: not a git repository (or any of the parent directories): .git
2025-12-29 20:26:08.700 [info] > git rev-parse --show-toplevel [1ms]
2025-12-29 20:26:08.700 [info] fatal: not a git repository (or any of the parent directories): .git
2025-12-29 20:26:08.705 [info] > git rev-parse --show-toplevel [1ms]
2025-12-29 20:26:08.705 [info] fatal: not a git repository (or any of the parent directories): .git
2025-12-29 20:26:08.709 [info] > git rev-parse --show-toplevel [1ms]
2025-12-29 20:26:08.709 [info] fatal: not a git repository (or any of the parent directories): .git
2025-12-29 20:26:08.713 [info] > git rev-parse --show-toplevel [1ms]
2025-12-29 20:26:08.713 [info] fatal: not a git repository (or any of the parent directories): .git
2025-12-29 20:26:08.718 [info] > git rev-parse --show-toplevel [1ms]
2025-12-29 20:26:08.718 [info] fatal: not a git repository (or any of the parent directories): .git
2025-12-29 20:26:08.726 [info] > git rev-parse --show-toplevel [4ms]
2025-12-29 20:26:08.726 [info] fatal: not a git repository (or any of the parent directories): .git
2025-12-29 20:26:08.731 [info] > git rev-parse --show-toplevel [2ms]
2025-12-29 20:26:08.731 [info] fatal: not a git repository (or any of the parent directories): .git
2025-12-29 20:26:08.735 [info] > git rev-parse --show-toplevel [1ms]
2025-12-29 20:26:08.735 [info] fatal: not a git repository (or any of the parent directories): .git
2025-12-29 20:26:08.739 [info] > git rev-parse --show-toplevel [1ms]
2025-12-29 20:26:08.739 [info] fatal: not a git repository (or any of the parent directories): .git
2025-12-29 20:26:08.743 [info] > git rev-parse --show-toplevel [1ms]
2025-12-29 20:26:08.743 [info] fatal: not a git repository (or any of the parent directories): .git
2025-12-29 20:26:08.747 [info] > git rev-parse --show-toplevel [1ms]
2025-12-29 20:26:08.747 [info] fatal: not a git repository (or any of the parent directories): .git
2025-12-29 20:26:08.751 [info] > git rev-parse --show-toplevel [1ms]
2025-12-29 20:26:08.751 [info] fatal: not a git repository (or any of the parent directories): .git
2025-12-29 20:26:08.755 [info] > git rev-parse --show-toplevel [1ms]
2025-12-29 20:26:08.755 [info] fatal: not a git repository (or any of the parent directories): .git
2025-12-29 20:26:08.759 [info] > git rev-parse --show-toplevel [1ms]
2025-12-29 20:26:08.759 [info] fatal: not a git repository (or any of the parent directories): .git
2025-12-29 20:26:08.764 [info] > git rev-parse --show-toplevel [1ms]
2025-12-29 20:26:08.764 [info] fatal: not a git repository (or any of the parent directories): .git
2025-12-29 20:26:08.768 [info] > git rev-parse --show-toplevel [1ms]
2025-12-29 20:26:08.768 [info] fatal: not a git repository (or any of the parent directories): .git
2025-12-29 20:26:08.772 [info] > git rev-parse --show-toplevel [1ms]
2025-12-29 20:26:08.772 [info] fatal: not a git repository (or any of the parent directories): .git
2025-12-29 20:26:08.776 [info] > git rev-parse --show-toplevel [1ms]
2025-12-29 20:26:08.776 [info] fatal: not a git repository (or any of the parent directories): .git
2025-12-29 20:26:08.793 [info] > git rev-parse --show-toplevel [13ms]
2025-12-29 20:26:08.793 [info] fatal: not a git repository (or any of the parent directories): .git
2025-12-29 20:26:08.797 [info] > git rev-parse --show-toplevel [1ms]
2025-12-29 20:26:08.797 [info] fatal: not a git repository (or any of the parent directories): .git
2025-12-29 20:26:08.802 [info] > git rev-parse --show-toplevel [0ms]
2025-12-29 20:26:08.802 [info] fatal: not a git repository (or any of the parent directories): .git
2025-12-29 20:26:08.806 [info] > git rev-parse --show-toplevel [1ms]
2025-12-29 20:26:08.806 [info] fatal: not a git repository (or any of the parent directories): .git
2025-12-29 20:26:08.810 [info] > git rev-parse --show-toplevel [1ms]
2025-12-29 20:26:08.810 [info] fatal: not a git repository (or any of the parent directories): .git
2025-12-29 20:26:08.814 [info] > git rev-parse --show-toplevel [1ms]
2025-12-29 20:26:08.814 [info] fatal: not a git repository (or any of the parent directories): .git
2025-12-29 20:26:08.819 [info] > git rev-parse --show-toplevel [1ms]
2025-12-29 20:26:08.819 [info] fatal: not a git repository (or any of the parent directories): .git
2025-12-29 20:26:08.823 [info] > git rev-parse --show-toplevel [1ms]
2025-12-29 20:26:08.823 [info] fatal: not a git repository (or any of the parent directories): .git
2025-12-29 20:26:08.827 [info] > git rev-parse --show-toplevel [1ms]
2025-12-29 20:26:08.827 [info] fatal: not a git repository (or any of the parent directories): .git
2025-12-29 20:26:08.831 [info] > git rev-parse --show-toplevel [1ms]
2025-12-29 20:26:08.831 [info] fatal: not a git repository (or any of the parent directories): .git
2025-12-29 20:26:08.835 [info] > git rev-parse --show-toplevel [1ms]
2025-12-29 20:26:08.835 [info] fatal: not a git repository (or any of the parent directories): .git
2025-12-29 20:26:08.839 [info] > git rev-parse --show-toplevel [1ms]
2025-12-29 20:26:08.839 [info] fatal: not a git repository (or any of the parent directories): .git
2025-12-29 20:26:08.844 [info] > git rev-parse --show-toplevel [1ms]
2025-12-29 20:26:08.844 [info] fatal: not a git repository (or any of the parent directories): .git
2025-12-29 20:26:08.846 [info] [Model][doInitialScan] Initial repository scan completed - repositories (0), closed repositories (0), parent repositories (0), unsafe repositories (0)
2025-12-29 20:26:08.969 [info] > git rev-parse --show-toplevel [1ms]
2025-12-29 20:26:08.969 [info] fatal: not a git repository (or any of the parent directories): .git
2025-12-29 20:26:08.973 [info] > git rev-parse --show-toplevel [1ms]
2025-12-29 20:26:08.973 [info] fatal: not a git repository (or any of the parent directories): .git
2025-12-29 20:26:09.799 [info] > git rev-parse --show-toplevel [0ms]
2025-12-29 20:26:09.799 [info] fatal: not a git repository (or any of the parent directories): .git
2025-12-29 20:26:09.804 [info] > git rev-parse --show-toplevel [1ms]
2025-12-29 20:26:09.804 [info] fatal: not a git repository (or any of the parent directories): .git
2025-12-29 20:26:36.231 [info] > git rev-parse --show-toplevel [1ms]
2025-12-29 20:26:36.231 [info] fatal: not a git repository (or any of the parent directories): .git
2025-12-29 20:26:42.833 [info] > git rev-parse --show-toplevel [1ms]
2025-12-29 20:26:42.833 [info] fatal: not a git repository (or any of the parent directories): .git
2025-12-29 20:26:43.184 [info] > git rev-parse --show-toplevel [2ms]
2025-12-29 20:26:43.184 [info] fatal: not a git repository (or any of the parent directories): .git
2025-12-29 20:36:31.207 [info] > git rev-parse --show-toplevel [1ms]
2025-12-29 20:36:31.207 [info] fatal: not a git repository (or any of the parent directories): .git
2025-12-29 20:38:11.598 [info] > git rev-parse --show-toplevel [1ms]
2025-12-29 20:38:11.598 [info] fatal: not a git repository (or any of the parent directories): .git
2025-12-29 20:38:18.076 [info] > git rev-parse --show-toplevel [2ms]
2025-12-29 20:38:18.076 [info] fatal: not a git repository (or any of the parent directories): .git
2025-12-29 20:38:18.089 [info] > git rev-parse --show-toplevel [4ms]
2025-12-29 20:38:18.089 [info] fatal: not a git repository (or any of the parent directories): .git
2025-12-29 20:38:22.795 [info] > git rev-parse --show-toplevel [1ms]
2025-12-29 20:38:22.795 [info] fatal: not a git repository (or any of the parent directories): .git
2025-12-29 20:42:29.292 [info] > git rev-parse --show-toplevel [5ms]
2025-12-29 20:42:29.292 [info] fatal: not a git repository (or any of the parent directories): .git
2025-12-29 20:42:29.298 [info] > git rev-parse --show-toplevel [1ms]
2025-12-29 20:42:29.298 [info] fatal: not a git repository (or any of the parent directories): .git
2025-12-29 20:43:19.100 [info] > git rev-parse --show-toplevel [3ms]
2025-12-29 20:43:19.100 [info] fatal: not a git repository (or any of the parent directories): .git
2025-12-29 20:43:19.110 [info] > git rev-parse --show-toplevel [5ms]
2025-12-29 20:43:19.110 [info] fatal: not a git repository (or any of the parent directories): .git
2025-12-29 20:43:48.834 [info] > git rev-parse --show-toplevel [14ms]
2025-12-29 20:43:48.846 [info] fatal: not a git repository (or any of the parent directories): .git
2025-12-29 20:43:48.852 [info] > git rev-parse --show-toplevel [2ms]
2025-12-29 20:43:48.852 [info] fatal: not a git repository (or any of the parent directories): .git
2025-12-29 20:44:08.997 [info] > git rev-parse --show-toplevel [8ms]
2025-12-29 20:44:08.997 [info] fatal: not a git repository (or any of the parent directories): .git
2025-12-29 20:44:09.004 [info] > git rev-parse --show-toplevel [1ms]
2025-12-29 20:44:09.004 [info] fatal: not a git repository (or any of the parent directories): .git
