2025-12-28 16:21:03.455 [info] Extension host with pid 6192 started
2025-12-28 16:21:03.455 [info] Skipping acquiring lock for /home/arope/.config/Antigravity/User/workspaceStorage/5d9e283b5a9a80aae3cb6bd75c8c4d33.
2025-12-28 16:21:03.577 [info] ExtensionService#_doActivateExtension vscode.emmet, startup: false, activationEvent: 'onLanguage'
2025-12-28 16:21:03.608 [info] ExtensionService#_doActivateExtension vscode.git-base, startup: true, activationEvent: '*', root cause: google.antigravity
2025-12-28 16:21:03.632 [info] ExtensionService#_doActivateExtension vscode.git, startup: true, activationEvent: '*', root cause: google.antigravity
2025-12-28 16:21:03.690 [info] ExtensionService#_doActivateExtension vscode.github, startup: true, activationEvent: '*'
2025-12-28 16:21:03.742 [info] ExtensionService#_doActivateExtension google.antigravity, startup: true, activationEvent: '*'
2025-12-28 16:21:04.419 [info] ExtensionService#_doActivateExtension vscode.terminal-suggest, startup: false, activationEvent: 'onTerminalShellIntegration:*'
2025-12-28 16:21:05.668 [info] Eager extensions activated
2025-12-28 16:21:05.681 [info] ExtensionService#_doActivateExtension google.antigravity-browser-launcher, startup: false, activationEvent: 'onStartupFinished'
2025-12-28 16:21:05.685 [info] ExtensionService#_doActivateExtension Google LLC.antigravity-dev-containers, startup: false, activationEvent: 'onStartupFinished'
2025-12-28 16:21:05.689 [info] ExtensionService#_doActivateExtension vscode.debug-auto-launch, startup: false, activationEvent: 'onStartupFinished'
2025-12-28 16:21:05.690 [info] ExtensionService#_doActivateExtension vscode.merge-conflict, startup: false, activationEvent: 'onStartupFinished'
2025-12-28 16:21:05.706 [info] ExtensionService#_doActivateExtension aaron-bond.better-comments, startup: false, activationEvent: 'onStartupFinished'
2025-12-28 16:21:05.711 [info] ExtensionService#_doActivateExtension esbenp.prettier-vscode, startup: false, activationEvent: 'onStartupFinished'
2025-12-28 16:21:05.766 [info] ExtensionService#_doActivateExtension PKief.material-icon-theme, startup: false, activationEvent: 'onStartupFinished'
2025-12-28 16:21:05.777 [info] ExtensionService#_doActivateExtension vadimcn.vscode-lldb, startup: false, activationEvent: 'onStartupFinished'
2025-12-28 16:21:05.837 [info] ExtensionService#_doActivateExtension vscode.css-language-features, startup: false, activationEvent: 'onLanguage:css'
2025-12-28 16:21:43.624 [info] Extension host terminating: renderer closed the MessagePort
2025-12-28 16:21:43.635 [info] Extension host with pid 6192 exiting with code 0
2025-12-28 16:21:45.353 [info] Extension host with pid 22833 started
2025-12-28 16:21:45.353 [info] Skipping acquiring lock for /home/arope/.config/Antigravity/User/workspaceStorage/e8b897232274056cb6de23f92cf55c15.
2025-12-28 16:21:45.360 [info] ExtensionService#_doActivateExtension vscode.terminal-suggest, startup: false, activationEvent: 'onTerminalShellIntegration:*'
2025-12-28 16:21:45.400 [info] ExtensionService#_doActivateExtension vscode.emmet, startup: false, activationEvent: 'onLanguage'
2025-12-28 16:21:45.413 [info] ExtensionService#_doActivateExtension vscode.git-base, startup: false, activationEvent: '*', root cause: google.antigravity
2025-12-28 16:21:45.414 [info] ExtensionService#_doActivateExtension vscode.css-language-features, startup: false, activationEvent: 'onLanguage:css'
2025-12-28 16:21:45.442 [info] ExtensionService#_doActivateExtension vscode.configuration-editing, startup: false, activationEvent: 'onLanguage:json'
2025-12-28 16:21:45.624 [info] ExtensionService#_doActivateExtension vscode.extension-editing, startup: false, activationEvent: 'onLanguage:json'
2025-12-28 16:21:45.695 [info] ExtensionService#_doActivateExtension vscode.json-language-features, startup: false, activationEvent: 'onLanguage:json'
2025-12-28 16:21:45.904 [info] ExtensionService#_doActivateExtension vscode.npm, startup: false, activationEvent: 'onLanguage:json'
2025-12-28 16:21:46.013 [info] ExtensionService#_doActivateExtension vscode.git, startup: false, activationEvent: '*', root cause: google.antigravity
2025-12-28 16:21:46.050 [info] ExtensionService#_doActivateExtension vscode.github, startup: false, activationEvent: '*'
2025-12-28 16:21:46.127 [info] ExtensionService#_doActivateExtension google.antigravity, startup: false, activationEvent: '*'
2025-12-28 16:21:47.561 [info] Eager extensions activated
2025-12-28 16:21:47.575 [info] ExtensionService#_doActivateExtension google.antigravity-browser-launcher, startup: false, activationEvent: 'onStartupFinished'
2025-12-28 16:21:47.577 [info] ExtensionService#_doActivateExtension Google LLC.antigravity-dev-containers, startup: false, activationEvent: 'onStartupFinished'
2025-12-28 16:21:47.580 [info] ExtensionService#_doActivateExtension vscode.debug-auto-launch, startup: false, activationEvent: 'onStartupFinished'
2025-12-28 16:21:47.581 [info] ExtensionService#_doActivateExtension vscode.merge-conflict, startup: false, activationEvent: 'onStartupFinished'
2025-12-28 16:21:47.594 [info] ExtensionService#_doActivateExtension aaron-bond.better-comments, startup: false, activationEvent: 'onStartupFinished'
2025-12-28 16:21:47.596 [info] ExtensionService#_doActivateExtension esbenp.prettier-vscode, startup: false, activationEvent: 'onStartupFinished'
2025-12-28 16:21:47.643 [info] ExtensionService#_doActivateExtension PKief.material-icon-theme, startup: false, activationEvent: 'onStartupFinished'
2025-12-28 16:21:47.652 [info] ExtensionService#_doActivateExtension vadimcn.vscode-lldb, startup: false, activationEvent: 'onStartupFinished'
2025-12-28 16:21:49.934 [info] ExtensionService#_doActivateExtension franneck94.c-cpp-runner, startup: false, activationEvent: 'onLanguage:cpp'
2025-12-28 16:21:50.319 [info] ExtensionService#_doActivateExtension llvm-vs-code-extensions.vscode-clangd, startup: false, activationEvent: 'onLanguage:cpp'
2025-12-28 16:21:59.006 [error] [llvm-vs-code-extensions.vscode-clangd] provider FAILED
2025-12-28 16:21:59.006 [error] {"a":true,"b":null}
2025-12-28 16:21:59.007 [error] [llvm-vs-code-extensions.vscode-clangd] provider FAILED
2025-12-28 16:21:59.007 [error] {"a":true,"b":null}
2025-12-28 16:21:59.007 [error] [llvm-vs-code-extensions.vscode-clangd] provider FAILED
2025-12-28 16:21:59.007 [error] {"a":true,"b":null}
2025-12-28 16:21:59.007 [error] [llvm-vs-code-extensions.vscode-clangd] provider FAILED
2025-12-28 16:21:59.007 [error] {"a":true,"b":null}
2025-12-28 16:21:59.007 [error] [llvm-vs-code-extensions.vscode-clangd] provider FAILED
2025-12-28 16:21:59.007 [error] {"a":true,"b":null}
2025-12-28 16:21:59.016 [error] [llvm-vs-code-extensions.vscode-clangd] provider FAILED
2025-12-28 16:21:59.016 [error] {"a":true,"b":null}
2025-12-28 16:21:59.016 [error] [llvm-vs-code-extensions.vscode-clangd] provider FAILED
2025-12-28 16:21:59.016 [error] {"a":true,"b":null}
2025-12-28 16:21:59.016 [error] [llvm-vs-code-extensions.vscode-clangd] provider FAILED
2025-12-28 16:21:59.016 [error] {"a":true,"b":null}
2025-12-28 16:21:59.016 [error] [llvm-vs-code-extensions.vscode-clangd] provider FAILED
2025-12-28 16:21:59.016 [error] {"a":true,"b":null}
2025-12-28 16:21:59.016 [error] [llvm-vs-code-extensions.vscode-clangd] provider FAILED
2025-12-28 16:21:59.016 [error] {"a":true,"b":null}
2025-12-28 16:21:59.016 [error] [llvm-vs-code-extensions.vscode-clangd] provider FAILED
2025-12-28 16:21:59.016 [error] {"a":true,"b":null}
2025-12-28 16:21:59.042 [error] [llvm-vs-code-extensions.vscode-clangd] provider FAILED
2025-12-28 16:21:59.042 [error] {"a":true,"b":null}
2025-12-28 16:21:59.043 [error] [llvm-vs-code-extensions.vscode-clangd] provider FAILED
2025-12-28 16:21:59.043 [error] {"a":true,"b":null}
2025-12-28 16:21:59.043 [error] [llvm-vs-code-extensions.vscode-clangd] provider FAILED
2025-12-28 16:21:59.043 [error] {"a":true,"b":null}
2025-12-28 16:21:59.043 [error] [llvm-vs-code-extensions.vscode-clangd] provider FAILED
2025-12-28 16:21:59.043 [error] {"a":true,"b":null}
2025-12-28 16:22:09.521 [error] [llvm-vs-code-extensions.vscode-clangd] provider FAILED
2025-12-28 16:22:09.521 [error] {"a":true,"b":null}
2025-12-28 16:22:19.925 [error] Error: Cannot show while inline completion is already showing
    at vscode-file://vscode-app/opt/Antigravity/resources/app/out/vs/workbench/workbench.desktop.main.js:3185:355697
2025-12-28 16:22:20.925 [error] Error: Cannot show while inline completion is already showing
    at vscode-file://vscode-app/opt/Antigravity/resources/app/out/vs/workbench/workbench.desktop.main.js:3185:355697
2025-12-28 16:22:21.097 [error] Error: Cannot show while inline completion is already showing
    at vscode-file://vscode-app/opt/Antigravity/resources/app/out/vs/workbench/workbench.desktop.main.js:3185:355697
2025-12-28 16:22:22.097 [error] Error: Cannot show while inline completion is already showing
    at vscode-file://vscode-app/opt/Antigravity/resources/app/out/vs/workbench/workbench.desktop.main.js:3185:355697
2025-12-28 16:22:34.114 [error] [llvm-vs-code-extensions.vscode-clangd] provider FAILED
2025-12-28 16:22:34.114 [error] {"a":true,"b":null}
2025-12-28 16:22:38.666 [error] Error: Cannot show while inline completion is already showing
    at vscode-file://vscode-app/opt/Antigravity/resources/app/out/vs/workbench/workbench.desktop.main.js:3185:355697
2025-12-28 16:22:39.561 [error] Error: Cannot show while inline completion is already showing
    at vscode-file://vscode-app/opt/Antigravity/resources/app/out/vs/workbench/workbench.desktop.main.js:3185:355697
2025-12-28 16:26:33.851 [error] [llvm-vs-code-extensions.vscode-clangd] provider FAILED
2025-12-28 16:26:33.851 [error] {"a":false,"b":{"A":1,"z":{"i":-1,"end":0},"w":[{"id":2222}]}}
2025-12-28 16:37:28.784 [error] Error: Cannot show while inline completion is already showing
    at vscode-file://vscode-app/opt/Antigravity/resources/app/out/vs/workbench/workbench.desktop.main.js:3185:355697
2025-12-28 16:37:29.785 [error] Error: Cannot show while inline completion is already showing
    at vscode-file://vscode-app/opt/Antigravity/resources/app/out/vs/workbench/workbench.desktop.main.js:3185:355697
2025-12-28 16:39:26.954 [error] [llvm-vs-code-extensions.vscode-clangd] provider FAILED
2025-12-28 16:39:26.954 [error] {"a":false,"b":{"A":1,"z":{"i":-1,"end":0},"w":[{"id":10136}]}}
2025-12-28 17:03:50.273 [info] Extension host terminating: renderer closed the MessagePort
2025-12-28 17:03:50.298 [info] Extension host with pid 22833 exiting with code 0
