2025-12-29 20:38:16.881 [info] Getting Manifest... golang.go
2025-12-29 20:38:17.269 [info] Installing extension: golang.go {"isMachineScoped":false,"profileLocation":{"$mid":1,"external":"vscode-userdata:/home/arope/.antigravity/extensions/extensions.json","path":"/home/arope/.antigravity/extensions/extensions.json","scheme":"vscode-userdata"},"isApplicationScoped":false,"productVersion":{"version":"1.104.0","date":"2025-12-19T21:03:14.401Z"}}
2025-12-29 20:38:17.983 [info] Extracted extension to file:///home/arope/.antigravity/extensions/golang.go-0.52.1-universal: golang.go
2025-12-29 20:38:17.991 [info] Renamed to /home/arope/.antigravity/extensions/golang.go-0.52.1-universal
2025-12-29 20:38:18.016 [info] Extension installed successfully: golang.go vscode-userdata:/home/arope/.antigravity/extensions/extensions.json
2025-12-29 20:38:18.016 [error] [uncaught exception in sharedProcess]: Cannot read properties of undefined (reading 'fireEvent'): TypeError: Cannot read properties of undefined (reading 'fireEvent')
    at ea.value (file:///opt/Antigravity/resources/app/out/vs/code/electron-utility/sharedProcess/sharedProcessMain.js:74:62540)
    at D.C (file:///opt/Antigravity/resources/app/out/vs/code/electron-utility/sharedProcess/sharedProcessMain.js:28:2373)
    at D (file:///opt/Antigravity/resources/app/out/vs/code/electron-utility/sharedProcess/sharedProcessMain.js:28:2443)
    at D.fire (file:///opt/Antigravity/resources/app/out/vs/code/electron-utility/sharedProcess/sharedProcessMain.js:28:2660)
    at Nu.L (file:///opt/Antigravity/resources/app/out/vs/code/electron-utility/sharedProcess/sharedProcessMain.js:74:10718)
    at async Nu.installGalleryExtensions (file:///opt/Antigravity/resources/app/out/vs/code/electron-utility/sharedProcess/sharedProcessMain.js:74:2499)
2025-12-29 20:42:28.699 [info] Getting Manifest... davidanson.vscode-markdownlint
2025-12-29 20:42:28.970 [info] Installing extension: davidanson.vscode-markdownlint {"isMachineScoped":false,"installPreReleaseVersion":false,"pinned":false,"profileLocation":{"$mid":1,"external":"vscode-userdata:/home/arope/.antigravity/extensions/extensions.json","path":"/home/arope/.antigravity/extensions/extensions.json","scheme":"vscode-userdata"},"isApplicationScoped":false,"productVersion":{"version":"1.104.0","date":"2025-12-19T21:03:14.401Z"}}
2025-12-29 20:42:29.232 [info] Extracted extension to file:///home/arope/.antigravity/extensions/davidanson.vscode-markdownlint-0.61.1-universal: davidanson.vscode-markdownlint
2025-12-29 20:42:29.236 [info] Renamed to /home/arope/.antigravity/extensions/davidanson.vscode-markdownlint-0.61.1-universal
2025-12-29 20:42:29.253 [info] Extension installed successfully: davidanson.vscode-markdownlint vscode-userdata:/home/arope/.antigravity/extensions/extensions.json
2025-12-29 20:42:29.253 [error] [uncaught exception in sharedProcess]: Cannot read properties of undefined (reading 'fireEvent'): TypeError: Cannot read properties of undefined (reading 'fireEvent')
    at ea.value (file:///opt/Antigravity/resources/app/out/vs/code/electron-utility/sharedProcess/sharedProcessMain.js:74:62540)
    at D.C (file:///opt/Antigravity/resources/app/out/vs/code/electron-utility/sharedProcess/sharedProcessMain.js:28:2373)
    at D (file:///opt/Antigravity/resources/app/out/vs/code/electron-utility/sharedProcess/sharedProcessMain.js:28:2443)
    at D.fire (file:///opt/Antigravity/resources/app/out/vs/code/electron-utility/sharedProcess/sharedProcessMain.js:28:2660)
    at Nu.L (file:///opt/Antigravity/resources/app/out/vs/code/electron-utility/sharedProcess/sharedProcessMain.js:74:10718)
    at async Nu.installGalleryExtensions (file:///opt/Antigravity/resources/app/out/vs/code/electron-utility/sharedProcess/sharedProcessMain.js:74:2499)
    at async Nu.installFromGallery (file:///opt/Antigravity/resources/app/out/vs/code/electron-utility/sharedProcess/sharedProcessMain.js:74:1748)
2025-12-29 20:43:18.601 [info] Getting Manifest... formulahendry.code-runner
2025-12-29 20:43:18.680 [info] Installing extension: formulahendry.code-runner {"isMachineScoped":false,"installPreReleaseVersion":false,"pinned":false,"profileLocation":{"$mid":1,"external":"vscode-userdata:/home/arope/.antigravity/extensions/extensions.json","path":"/home/arope/.antigravity/extensions/extensions.json","scheme":"vscode-userdata"},"isApplicationScoped":false,"productVersion":{"version":"1.104.0","date":"2025-12-19T21:03:14.401Z"}}
2025-12-29 20:43:19.006 [info] Extracted extension to file:///home/arope/.antigravity/extensions/formulahendry.code-runner-0.12.2-universal: formulahendry.code-runner
2025-12-29 20:43:19.014 [info] Renamed to /home/arope/.antigravity/extensions/formulahendry.code-runner-0.12.2-universal
2025-12-29 20:43:19.029 [info] Extension installed successfully: formulahendry.code-runner vscode-userdata:/home/arope/.antigravity/extensions/extensions.json
2025-12-29 20:43:19.029 [error] [uncaught exception in sharedProcess]: Cannot read properties of undefined (reading 'fireEvent'): TypeError: Cannot read properties of undefined (reading 'fireEvent')
    at ea.value (file:///opt/Antigravity/resources/app/out/vs/code/electron-utility/sharedProcess/sharedProcessMain.js:74:62540)
    at D.C (file:///opt/Antigravity/resources/app/out/vs/code/electron-utility/sharedProcess/sharedProcessMain.js:28:2373)
    at D (file:///opt/Antigravity/resources/app/out/vs/code/electron-utility/sharedProcess/sharedProcessMain.js:28:2443)
    at D.fire (file:///opt/Antigravity/resources/app/out/vs/code/electron-utility/sharedProcess/sharedProcessMain.js:28:2660)
    at Nu.L (file:///opt/Antigravity/resources/app/out/vs/code/electron-utility/sharedProcess/sharedProcessMain.js:74:10718)
    at async Nu.installGalleryExtensions (file:///opt/Antigravity/resources/app/out/vs/code/electron-utility/sharedProcess/sharedProcessMain.js:74:2499)
    at async Nu.installFromGallery (file:///opt/Antigravity/resources/app/out/vs/code/electron-utility/sharedProcess/sharedProcessMain.js:74:1748)
