2025-12-28 16:20:58.740 [info] Using Cloud Code URL: https://daily-cloudcode-pa.googleapis.com
2025-12-28 16:20:58.740 [info] [BrowserOnboardingClientMainService] Starting browser onboarding server
2025-12-28 16:20:58.740 [info] [BrowserOnboardingClientServer] Browser onboarding server started on http://localhost:38715
2025-12-28 16:20:58.740 [info] [CascadeMonitoringServer] Monitoring server started on http://localhost:9102/antigravity
2025-12-28 16:20:58.740 [info] update#setState idle
2025-12-28 16:20:59.345 [info] AntigravityAuthMainService initialized
2025-12-28 16:21:05.835 [info] [AgentClientServer] Cascade initializing for worksapce file:///home/arope/.config
2025-12-28 16:21:05.835 [info] [AgentClientServer] Starting server
2025-12-28 16:21:05.838 [info] [AgentClientServer] Read HTML file, length: 127
2025-12-28 16:21:05.839 [info] [AgentClientServer] Cascade server started on http://localhost:9092
2025-12-28 16:21:05.839 [info] [AgentClientServer] Cascade server started on port 9092
2025-12-28 16:21:28.740 [info] update#setState checking for updates
2025-12-28 16:21:28.796 [info] update#setState idle
2025-12-28 16:21:43.636 [info] Extension host with pid 6192 exited with code: 0, signal: unknown.
2025-12-28 16:21:44.637 [error] Extension host with pid 6192 still exists, forcefully killing it...
2025-12-28 16:21:48.089 [info] [AgentClientServer] Cascade initializing for worksapce file:///home/arope/.config/Antigravity/Workspaces/1766956903775/workspace.json
2025-12-28 16:21:48.104 [info] [AgentClientServer] Starting server
2025-12-28 16:21:48.107 [info] [AgentClientServer] Read HTML file, length: 127
2025-12-28 16:21:48.107 [info] [AgentClientServer] Cascade server started on http://localhost:9090
2025-12-28 16:21:48.107 [info] [AgentClientServer] Cascade server started on port 9090
2025-12-28 16:21:48.852 [warning] [perf] profiling STARTED 6b67ac55-d19e-460d-bd9c-5103629cde0a
2025-12-28 16:21:53.894 [warning] [perf] profiling DONE 6b67ac55-d19e-460d-bd9c-5103629cde0a
2025-12-28 16:22:09.159 [warning] [perf] profiling STARTED 6b67ac55-d19e-460d-bd9c-5103629cde0a
2025-12-28 16:22:14.187 [warning] [perf] profiling DONE 6b67ac55-d19e-460d-bd9c-5103629cde0a
2025-12-28 16:22:29.396 [warning] [perf] profiling STARTED 6b67ac55-d19e-460d-bd9c-5103629cde0a
2025-12-28 16:22:34.425 [warning] [perf] profiling DONE 6b67ac55-d19e-460d-bd9c-5103629cde0a
2025-12-28 17:03:50.299 [info] Extension host with pid 22833 exited with code: 0, signal: unknown.
2025-12-28 17:03:51.299 [error] Extension host with pid 22833 still exists, forcefully killing it...
2025-12-28 17:21:28.740 [info] update#setState checking for updates
2025-12-28 17:21:28.821 [info] update#setState idle
