2025-12-28 14:15:25.960 [info] [main] Log level: Info
2025-12-28 14:15:25.960 [info] [main] Validating found git in: "git"
2025-12-28 14:15:25.960 [info] [main] Using git "2.52.0" from "git"
2025-12-28 14:15:25.960 [info] [Model][doInitialScan] Initial repository scan started
2025-12-28 14:15:25.960 [info] [Model][doInitialScan] Initial repository scan completed - repositories (0), closed repositories (0), parent repositories (0), unsafe repositories (0)
2025-12-28 14:15:53.594 [info] [main] Log level: Info
2025-12-28 14:15:53.598 [info] [main] Validating found git in: "git"
2025-12-28 14:15:53.598 [info] [main] Using git "2.52.0" from "git"
2025-12-28 14:15:53.598 [info] [Model][doInitialScan] Initial repository scan started
2025-12-28 14:15:53.598 [info] > git rev-parse --show-toplevel [4ms]
2025-12-28 14:15:53.598 [info] fatal: not a git repository (or any of the parent directories): .git
2025-12-28 14:15:53.616 [info] > git rev-parse --show-toplevel [26ms]
2025-12-28 14:15:53.616 [info] fatal: not a git repository (or any of the parent directories): .git
2025-12-28 14:15:53.625 [info] > git rev-parse --show-toplevel [1ms]
2025-12-28 14:15:53.626 [info] fatal: not a git repository (or any of the parent directories): .git
2025-12-28 14:15:53.634 [info] > git rev-parse --show-toplevel [1ms]
2025-12-28 14:15:53.634 [info] fatal: not a git repository (or any of the parent directories): .git
2025-12-28 14:15:53.640 [info] > git rev-parse --show-toplevel [1ms]
2025-12-28 14:15:53.640 [info] fatal: not a git repository (or any of the parent directories): .git
2025-12-28 14:15:53.646 [info] > git rev-parse --show-toplevel [1ms]
2025-12-28 14:15:53.646 [info] fatal: not a git repository (or any of the parent directories): .git
2025-12-28 14:15:53.651 [info] > git rev-parse --show-toplevel [2ms]
2025-12-28 14:15:53.651 [info] fatal: not a git repository (or any of the parent directories): .git
2025-12-28 14:15:53.655 [info] > git rev-parse --show-toplevel [1ms]
2025-12-28 14:15:53.655 [info] fatal: not a git repository (or any of the parent directories): .git
2025-12-28 14:15:53.660 [info] > git rev-parse --show-toplevel [0ms]
2025-12-28 14:15:53.660 [info] fatal: not a git repository (or any of the parent directories): .git
2025-12-28 14:15:53.663 [info] > git rev-parse --show-toplevel [1ms]
2025-12-28 14:15:53.663 [info] fatal: not a git repository (or any of the parent directories): .git
2025-12-28 14:15:53.667 [info] > git rev-parse --show-toplevel [1ms]
2025-12-28 14:15:53.667 [info] fatal: not a git repository (or any of the parent directories): .git
2025-12-28 14:15:53.671 [info] > git rev-parse --show-toplevel [1ms]
2025-12-28 14:15:53.671 [info] fatal: not a git repository (or any of the parent directories): .git
2025-12-28 14:15:53.674 [info] > git rev-parse --show-toplevel [1ms]
2025-12-28 14:15:53.674 [info] fatal: not a git repository (or any of the parent directories): .git
2025-12-28 14:15:53.678 [info] > git rev-parse --show-toplevel [1ms]
2025-12-28 14:15:53.678 [info] fatal: not a git repository (or any of the parent directories): .git
2025-12-28 14:15:53.682 [info] > git rev-parse --show-toplevel [1ms]
2025-12-28 14:15:53.682 [info] fatal: not a git repository (or any of the parent directories): .git
2025-12-28 14:15:53.686 [info] > git rev-parse --show-toplevel [0ms]
2025-12-28 14:15:53.686 [info] fatal: not a git repository (or any of the parent directories): .git
2025-12-28 14:15:53.689 [info] > git rev-parse --show-toplevel [0ms]
2025-12-28 14:15:53.689 [info] fatal: not a git repository (or any of the parent directories): .git
2025-12-28 14:15:53.693 [info] > git rev-parse --show-toplevel [1ms]
2025-12-28 14:15:53.693 [info] fatal: not a git repository (or any of the parent directories): .git
2025-12-28 14:15:53.697 [info] > git rev-parse --show-toplevel [0ms]
2025-12-28 14:15:53.697 [info] fatal: not a git repository (or any of the parent directories): .git
2025-12-28 14:15:53.700 [info] > git rev-parse --show-toplevel [1ms]
2025-12-28 14:15:53.700 [info] fatal: not a git repository (or any of the parent directories): .git
2025-12-28 14:15:53.704 [info] > git rev-parse --show-toplevel [1ms]
2025-12-28 14:15:53.704 [info] fatal: not a git repository (or any of the parent directories): .git
2025-12-28 14:15:53.706 [info] [Model][doInitialScan] Initial repository scan completed - repositories (0), closed repositories (0), parent repositories (0), unsafe repositories (0)
2025-12-28 14:15:53.710 [info] > git rev-parse --show-toplevel [1ms]
2025-12-28 14:15:53.710 [info] fatal: not a git repository (or any of the parent directories): .git
2025-12-28 14:15:53.832 [info] > git rev-parse --show-toplevel [1ms]
2025-12-28 14:15:53.832 [info] fatal: not a git repository (or any of the parent directories): .git
2025-12-28 14:15:55.227 [info] > git rev-parse --show-toplevel [1ms]
2025-12-28 14:15:55.227 [info] fatal: not a git repository (or any of the parent directories): .git
2025-12-28 14:17:09.173 [info] > git rev-parse --show-toplevel [2ms]
2025-12-28 14:17:09.174 [info] fatal: not a git repository (or any of the parent directories): .git
2025-12-28 14:17:56.626 [info] > git rev-parse --show-toplevel [2ms]
2025-12-28 14:17:56.626 [info] fatal: not a git repository (or any of the parent directories): .git
2025-12-28 14:20:50.251 [info] > git rev-parse --show-toplevel [1ms]
2025-12-28 14:20:50.251 [info] fatal: not a git repository (or any of the parent directories): .git
2025-12-28 14:22:38.785 [info] > git rev-parse --show-toplevel [2ms]
2025-12-28 14:22:38.786 [info] fatal: not a git repository (or any of the parent directories): .git
2025-12-28 14:23:43.170 [info] > git rev-parse --show-toplevel [2ms]
2025-12-28 14:23:43.170 [info] fatal: not a git repository (or any of the parent directories): .git
2025-12-28 14:23:52.723 [info] > git rev-parse --show-toplevel [2ms]
2025-12-28 14:23:52.723 [info] fatal: not a git repository (or any of the parent directories): .git
2025-12-28 14:35:24.183 [info] > git rev-parse --show-toplevel [1ms]
2025-12-28 14:35:24.183 [info] fatal: not a git repository (or any of the parent directories): .git
2025-12-28 14:35:26.286 [info] > git rev-parse --show-toplevel [1ms]
2025-12-28 14:35:26.286 [info] fatal: not a git repository (or any of the parent directories): .git
